[debug] [2018-08-13T14:39:24.547Z] ----------------------------------------------------------------------
[debug] [2018-08-13T14:39:24.549Z] Command:       /usr/local/Cellar/node/8.2.1/bin/node /usr/local/bin/firebase deploy
[debug] [2018-08-13T14:39:24.549Z] CLI Version:   4.0.3
[debug] [2018-08-13T14:39:24.549Z] Platform:      darwin
[debug] [2018-08-13T14:39:24.549Z] Node Version:  v8.2.1
[debug] [2018-08-13T14:39:24.550Z] Time:          Mon Aug 13 2018 16:39:24 GMT+0200 (CEST)
[debug] [2018-08-13T14:39:24.550Z] ----------------------------------------------------------------------
[debug] 
[debug] [2018-08-13T14:39:24.574Z] > command requires scopes: ["email","openid","https://www.googleapis.com/auth/cloudplatformprojects.readonly","https://www.googleapis.com/auth/firebase","https://www.googleapis.com/auth/cloud-platform"]
[debug] [2018-08-13T14:39:24.574Z] > authorizing via signed-in user
[debug] [2018-08-13T14:39:24.576Z] > refreshing access token with scopes: ["email","https://www.googleapis.com/auth/cloud-platform","https://www.googleapis.com/auth/cloudplatformprojects.readonly","https://www.googleapis.com/auth/firebase","openid"]
[debug] [2018-08-13T14:39:24.577Z] >>> HTTP REQUEST POST https://www.googleapis.com/oauth2/v3/token  
 { refresh_token: '1/Pna8c1X-D_D9VLVL1uHAMC0tgij7yXNTC0i3DinEhv4',
  client_id: '563584335869-fgrhgmd47bqnekij5i8b5pr03ho849e6.apps.googleusercontent.com',
  client_secret: 'j9iVZfS8kkCEFUPaAeJV0sAi',
  grant_type: 'refresh_token',
  scope: 'email https://www.googleapis.com/auth/cloud-platform https://www.googleapis.com/auth/cloudplatformprojects.readonly https://www.googleapis.com/auth/firebase openid' } 
 Mon Aug 13 2018 16:39:24 GMT+0200 (CEST)
[debug] [2018-08-13T14:39:25.045Z] <<< HTTP RESPONSE 200
[debug] [2018-08-13T14:39:25.062Z] >>> HTTP REQUEST GET https://admin.firebase.com/v1/projects/cou-nter  
  
 Mon Aug 13 2018 16:39:25 GMT+0200 (CEST)
[debug] [2018-08-13T14:39:25.954Z] <<< HTTP RESPONSE 200
[debug] [2018-08-13T14:39:25.956Z] >>> HTTP REQUEST GET https://admin.firebase.com/v1/database/cou-nter/tokens  
  
 Mon Aug 13 2018 16:39:25 GMT+0200 (CEST)
[debug] [2018-08-13T14:39:26.810Z] <<< HTTP RESPONSE 200
[info] 
[info] === Deploying to 'cou-nter'...
[info] 
[info] i  deploying hosting
[info] i  hosting: preparing build directory for upload...
[warn] ⚠  Warning: Public directory does not contain index.html
[debug] [2018-08-13T14:39:27.905Z] >>> HTTP REQUEST PUT https://deploy.firebase.com/v1/hosting/cou-nter/uploads/-LJniYkh-Q91nsLlEZNL?fileCount=2&message=  
  
 Mon Aug 13 2018 16:39:27 GMT+0200 (CEST)
[debug] [2018-08-13T14:39:28.960Z] <<< HTTP RESPONSE 200
[debug] [2018-08-13T14:39:28.960Z] [hosting] .tgz uploaded successfully, waiting for extraction
